# JRE version: Java(TM) SE Runtime Environment (8.0_311-b11) (build 1.8.0_311-b11)
# Java VM: Java HotSpot(TM) 64-Bit Server VM (25.311-b11 mixed mode windows-amd64 compressed oops)
Heap:
 PSYoungGen      total 225280K, used 202377K [0x0000000755f00000, 0x0000000769780000, 0x00000007c0000000)
  eden space 212480K, 89% used [0x0000000755f00000,0x0000000761876a70,0x0000000762e80000)
  from space 12800K, 97% used [0x0000000762e80000,0x0000000763aab9f8,0x0000000763b00000)
  to   space 13824K, 0% used [0x0000000768a00000,0x0000000768a00000,0x0000000769780000)
 ParOldGen       total 190464K, used 14073K [0x0000000681c00000, 0x000000068d600000, 0x0000000755f00000)
  object space 190464K, 7% used [0x0000000681c00000,0x00000006829be698,0x000000068d600000)
 Metaspace       used 54139K, capacity 56818K, committed 57216K, reserved 1099776K
  class space    used 6936K, capacity 7433K, committed 7552K, reserved 1048576K
GC Heap History (10 events):
Event: 2.545 GC heap before
{Heap before GC invocations=5 (full 1):
 PSYoungGen      total 95744K, used 82432K [0x0000000755f00000, 0x0000000761a00000, 0x00000007c0000000)
  eden space 82432K, 100% used [0x0000000755f00000,0x000000075af80000,0x000000075af80000)
  from space 13312K, 0% used [0x000000075af80000,0x000000075af80000,0x000000075bc80000)
  to   space 13312K, 0% used [0x0000000760d00000,0x0000000760d00000,0x0000000761a00000)
 ParOldGen       total 117760K, used 6335K [0x0000000681c00000, 0x0000000688f00000, 0x0000000755f00000)
  object space 117760K, 5% used [0x0000000681c00000,0x000000068222ffa8,0x0000000688f00000)
 Metaspace       used 24205K, capacity 25268K, committed 25600K, reserved 1071104K
  class space    used 3225K, capacity 3474K, committed 3584K, reserved 1048576K
Event: 2.551 GC heap after
Heap after GC invocations=5 (full 1):
 PSYoungGen      total 140800K, used 6520K [0x0000000755f00000, 0x0000000761380000, 0x00000007c0000000)
  eden space 134144K, 0% used [0x0000000755f00000,0x0000000755f00000,0x000000075e200000)
  from space 6656K, 97% used [0x0000000760d00000,0x000000076135e1c8,0x0000000761380000)
  to   space 13312K, 0% used [0x000000075f980000,0x000000075f980000,0x0000000760680000)
 ParOldGen       total 117760K, used 6343K [0x0000000681c00000, 0x0000000688f00000, 0x0000000755f00000)
  object space 117760K, 5% used [0x0000000681c00000,0x0000000682231fa8,0x0000000688f00000)
 Metaspace       used 24205K, capacity 25268K, committed 25600K, reserved 1071104K
  class space    used 3225K, capacity 3474K, committed 3584K, reserved 1048576K
}
Event: 3.738 GC heap before
{Heap before GC invocations=6 (full 1):
 PSYoungGen      total 140800K, used 140664K [0x0000000755f00000, 0x0000000761380000, 0x00000007c0000000)
  eden space 134144K, 100% used [0x0000000755f00000,0x000000075e200000,0x000000075e200000)
  from space 6656K, 97% used [0x0000000760d00000,0x000000076135e1c8,0x0000000761380000)
  to   space 13312K, 0% used [0x000000075f980000,0x000000075f980000,0x0000000760680000)
 ParOldGen       total 117760K, used 6343K [0x0000000681c00000, 0x0000000688f00000, 0x0000000755f00000)
  object space 117760K, 5% used [0x0000000681c00000,0x0000000682231fa8,0x0000000688f00000)
 Metaspace       used 31738K, capacity 33582K, committed 33792K, reserved 1079296K
  class space    used 4258K, capacity 4601K, committed 4608K, reserved 1048576K
Event: 3.751 GC heap after
Heap after GC invocations=6 (full 1):
 PSYoungGen      total 171520K, used 12198K [0x0000000755f00000, 0x0000000764780000, 0x00000007c0000000)
  eden space 158208K, 0% used [0x0000000755f00000,0x0000000755f00000,0x000000075f980000)
  from space 13312K, 91% used [0x000000075f980000,0x0000000760569b60,0x0000000760680000)
  to   space 12800K, 0% used [0x0000000763b00000,0x0000000763b00000,0x0000000764780000)
 ParOldGen       total 117760K, used 6351K [0x0000000681c00000, 0x0000000688f00000, 0x0000000755f00000)
  object space 117760K, 5% used [0x0000000681c00000,0x0000000682233fa8,0x0000000688f00000)
 Metaspace       used 31738K, capacity 33582K, committed 33792K, reserved 1079296K
  class space    used 4258K, capacity 4601K, committed 4608K, reserved 1048576K
}
Event: 4.083 GC heap before
{Heap before GC invocations=7 (full 1):
 PSYoungGen      total 171520K, used 53813K [0x0000000755f00000, 0x0000000764780000, 0x00000007c0000000)
  eden space 158208K, 26% used [0x0000000755f00000,0x00000007587a38b0,0x000000075f980000)
  from space 13312K, 91% used [0x000000075f980000,0x0000000760569b60,0x0000000760680000)
  to   space 12800K, 0% used [0x0000000763b00000,0x0000000763b00000,0x0000000764780000)
 ParOldGen       total 117760K, used 6351K [0x0000000681c00000, 0x0000000688f00000, 0x0000000755f00000)
  object space 117760K, 5% used [0x0000000681c00000,0x0000000682233fa8,0x0000000688f00000)
 Metaspace       used 33359K, capacity 35286K, committed 35456K, reserved 1079296K
  class space    used 4483K, capacity 4865K, committed 4992K, reserved 1048576K
Event: 4.093 GC heap after
Heap after GC invocations=7 (full 1):
 PSYoungGen      total 225280K, used 9195K [0x0000000755f00000, 0x0000000766f00000, 0x00000007c0000000)
  eden space 212480K, 0% used [0x0000000755f00000,0x0000000755f00000,0x0000000762e80000)
  from space 12800K, 71% used [0x0000000763b00000,0x00000007643fac00,0x0000000764780000)
  to   space 12800K, 0% used [0x0000000762e80000,0x0000000762e80000,0x0000000763b00000)
 ParOldGen       total 117760K, used 6423K [0x0000000681c00000, 0x0000000688f00000, 0x0000000755f00000)
  object space 117760K, 5% used [0x0000000681c00000,0x0000000682245fb8,0x0000000688f00000)
 Metaspace       used 33359K, capacity 35286K, committed 35456K, reserved 1079296K
  class space    used 4483K, capacity 4865K, committed 4992K, reserved 1048576K
}
Event: 4.093 GC heap before
{Heap before GC invocations=8 (full 2):
 PSYoungGen      total 225280K, used 9195K [0x0000000755f00000, 0x0000000766f00000, 0x00000007c0000000)
  eden space 212480K, 0% used [0x0000000755f00000,0x0000000755f00000,0x0000000762e80000)
  from space 12800K, 71% used [0x0000000763b00000,0x00000007643fac00,0x0000000764780000)
  to   space 12800K, 0% used [0x0000000762e80000,0x0000000762e80000,0x0000000763b00000)
 ParOldGen       total 117760K, used 6423K [0x0000000681c00000, 0x0000000688f00000, 0x0000000755f00000)
  object space 117760K, 5% used [0x0000000681c00000,0x0000000682245fb8,0x0000000688f00000)
 Metaspace       used 33359K, capacity 35286K, committed 35456K, reserved 1079296K
  class space    used 4483K, capacity 4865K, committed 4992K, reserved 1048576K
Event: 4.198 GC heap after
Heap after GC invocations=8 (full 2):
 PSYoungGen      total 225280K, used 0K [0x0000000755f00000, 0x0000000766f00000, 0x00000007c0000000)
  eden space 212480K, 0% used [0x0000000755f00000,0x0000000755f00000,0x0000000762e80000)
  from space 12800K, 0% used [0x0000000763b00000,0x0000000763b00000,0x0000000764780000)
  to   space 12800K, 0% used [0x0000000762e80000,0x0000000762e80000,0x0000000763b00000)
 ParOldGen       total 190464K, used 14065K [0x0000000681c00000, 0x000000068d600000, 0x0000000755f00000)
  object space 190464K, 7% used [0x0000000681c00000,0x00000006829bc698,0x000000068d600000)
 Metaspace       used 33359K, capacity 35286K, committed 35456K, reserved 1079296K
  class space    used 4483K, capacity 4865K, committed 4992K, reserved 1048576K
}
Event: 5.732 GC heap before
{Heap before GC invocations=9 (full 2):
 PSYoungGen      total 225280K, used 212480K [0x0000000755f00000, 0x0000000766f00000, 0x00000007c0000000)
  eden space 212480K, 100% used [0x0000000755f00000,0x0000000762e80000,0x0000000762e80000)
  from space 12800K, 0% used [0x0000000763b00000,0x0000000763b00000,0x0000000764780000)
  to   space 12800K, 0% used [0x0000000762e80000,0x0000000762e80000,0x0000000763b00000)
 ParOldGen       total 190464K, used 14065K [0x0000000681c00000, 0x000000068d600000, 0x0000000755f00000)
  object space 190464K, 7% used [0x0000000681c00000,0x00000006829bc698,0x000000068d600000)
 Metaspace       used 43955K, capacity 46462K, committed 46720K, reserved 1089536K
  class space    used 5700K, capacity 6176K, committed 6272K, reserved 1048576K
Event: 5.746 GC heap after
Heap after GC invocations=9 (full 2):
 PSYoungGen      total 225280K, used 12462K [0x0000000755f00000, 0x0000000769780000, 0x00000007c0000000)
  eden space 212480K, 0% used [0x0000000755f00000,0x0000000755f00000,0x0000000762e80000)
  from space 12800K, 97% used [0x0000000762e80000,0x0000000763aab9f8,0x0000000763b00000)
  to   space 13824K, 0% used [0x0000000768a00000,0x0000000768a00000,0x0000000769780000)
 ParOldGen       total 190464K, used 14073K [0x0000000681c00000, 0x000000068d600000, 0x0000000755f00000)
  object space 190464K, 7% used [0x0000000681c00000,0x00000006829be698,0x000000068d600000)
 Metaspace       used 43955K, capacity 46462K, committed 46720K, reserved 1089536K
  class space    used 5700K, capacity 6176K, committed 6272K, reserved 1048576K
}

